
======== SOLUTION.PY CONTENT ========
import math

A, M, L, R = map(int, input().split())

# We need to find the number of integers k such that L <= A + k*M <= R
# Rearranging: (L - A) / M <= k <= (R - A) / M

# Find minimum k such that A + k*M >= L
# k >= (L - A) / M, so k_min = ceil((L - A) / M)
k_min = math.ceil((L - A) / M)

# Find maximum k such that A + k*M <= R
# k <= (R - A) / M, so k_max = floor((R - A) / M)
k_max = math.floor((R - A) / M)

# Count integers from k_min to k_max (inclusive)
if k_max < k_min:
    print(0)
else:
    print(k_max - k_min + 1)

======== END OF SOLUTION.PY CONTENT ========

Input: 5 3 -1 6

(stdin test) PASSED public_test_1 (test time: 0.01s)
Input: -2 2 1 1

(stdin test) PASSED public_test_2 (test time: 0.01s)
Input: -177018739841739480 2436426 -80154573737296504 585335723211047198

(stdin test) PASSED public_test_3 (test time: 0.01s)
Input: 0 1000000000 1 999999999

(stdin test) PASSED private_test_1 (test time: 0.01s)
Input: 0 1000000000 -999999999 -999999999

(stdin test) PASSED private_test_2 (test time: 0.01s)
Input: 0 1000000000 -1000000000 -1000000000

(stdin test) PASSED private_test_3 (test time: 0.01s)
Input: 522842184971407772 628894325 1312150450968415 269587449430302153

(stdin test) PASSED private_test_4 (test time: 0.01s)
Input: 49465410047628331 469187475 -846698840563822393 636146833650564707

(stdin test) FAILED private_test_5: Line 1 mismatch. Expected '3160454516', got '3160454517' (test time: 0.01s)
Input: 645762258982631929 161735902 -180124858119104275 349993004923078534

(stdin test) PASSED private_test_6 (test time: 0.01s)
Input: 891351282707723854 189330739 -333270660197670793 856674611404539675

(stdin test) PASSED private_test_7 (test time: 0.01s)
Input: -356427048507398555 384836991 -786996542793680214 85051622771854360

(stdin test) PASSED private_test_8 (test time: 0.01s)
Input: 543390476138996218 501899080 -285152500803284062 -105019784691766943

(stdin test) FAILED private_test_9: Line 1 mismatch. Expected '358902264', got '358902265' (test time: 0.01s)
Input: -553548222810233536 554374432 -249328436662217663 672836766307973152

(stdin test) FAILED private_test_10: Line 1 mismatch. Expected '1663433863', got '1663433864' (test time: 0.02s)
Input: 1000000000000000000 1 -1000000000000000000 1000000000000000000

(stdin test) PASSED private_test_11 (test time: 0.01s)
Input: 1000000000000000000 1000000000 -1000000000000000000 1000000000000000000

(stdin test) PASSED private_test_12 (test time: 0.01s)
=========================== short test summary info ============================
FAILED private_test_5
FAILED private_test_9
FAILED private_test_10
========================= 3 failed, 12 passed in 0.01s =========================

âŒ TASK FAILED: 3 out of 15 tests failed!
