
======== SOLUTION.PY CONTENT ========
from string import *
from re import *
from datetime import *
from collections import *
from heapq import *
from bisect import *
from copy import *
from math import *
from random import *
from statistics import *
from itertools import *
from functools import *
from operator import *
from io import *
from sys import *
from json import *
from builtins import *
from typing import List, Dict, Set, Tuple, Optional, Union, Any
import string
import re
import datetime
import collections
import heapq
import bisect
import copy
import math
import random
import statistics
import itertools
import functools
import operator
import io
import sys
import json
sys.setrecursionlimit(50000)

class Solution:
    def minOperations(self, n: int, m: int) -> int:
        def is_prime(num):
            if num < 2:
                return False
            if num == 2:
                return True
            if num % 2 == 0:
                return False
            for i in range(3, int(num**0.5) + 1, 2):
                if num % i == 0:
                    return False
            return True

        # Check if m is prime - if so, impossible
        if is_prime(m):
            return -1

        # Check if n is prime initially
        if is_prime(n):
            return -1

        # If n == m, cost is just n itself
        if n == m:
            return n

        n_str = str(n)
        m_str = str(m)
        num_digits = len(n_str)

        # Use Dijkstra to find minimum cost path from n to m
        # where we can only modify one digit at a time
        import heapq

        # State: (current_number, cost_so_far)
        heap = [(n, n)]  # Initialize with n's value as starting cost
        visited = {n}

        while heap:
            current_num, current_cost = heapq.heappop(heap)

            if current_num == m:
                return current_cost

            current_str = str(current_num)

            # Pad with leading zeros if needed to maintain digit count
            if len(current_str) < num_digits:
                current_str = current_str.zfill(num_digits)

            # Try modifying each digit
            for i in range(num_digits):
                digit = int(current_str[i])

                # Try increasing
                if digit < 9:
                    next_digit = digit + 1
                    next_str = current_str[:i] + str(next_digit) + current_str[i+1:]
                    next_num = int(next_str)

                    # Can't have fewer digits than original (no leading zeros allowed)
                    if len(str(next_num)) == num_digits and not is_prime(next_num) and next_num not in visited:
                        visited.add(next_num)
                        heapq.heappush(heap, (next_num, current_cost + next_num))

                # Try decreasing
                if digit > 0:
                    next_digit = digit - 1
                    next_str = current_str[:i] + str(next_digit) + current_str[i+1:]
                    next_num = int(next_str)

                    # Can't have fewer digits than original (no leading zeros allowed)
                    if len(str(next_num)) == num_digits and not is_prime(next_num) and next_num not in visited:
                        visited.add(next_num)
                        heapq.heappush(heap, (next_num, current_cost + next_num))

        return -1

======== END OF SOLUTION.PY CONTENT ========

Input: [10, 12]
(functional test) PASSED public_test_1 (test time: 0.00s)
Input: [4, 8]
(functional test) PASSED public_test_2 (test time: 0.00s)
Input: [6, 2]
(functional test) PASSED public_test_3 (test time: 0.00s)
Input: [6651, 9088]
(functional test) FAILED private_test_1: Expected 93646, got 115515 (test time: 0.05s)
Input: [17, 72]
(functional test) PASSED private_test_2 (test time: 0.00s)
Input: [11, 53]
(functional test) PASSED private_test_3 (test time: 0.00s)
Input: [52, 15]
(functional test) PASSED private_test_4 (test time: 0.00s)
Input: [8, 4]
(functional test) PASSED private_test_5 (test time: 0.00s)
Input: [4, 7]
(functional test) PASSED private_test_6 (test time: 0.00s)
Input: [36, 50]
(functional test) FAILED private_test_7: Expected 353, got 413 (test time: 0.00s)
Input: [9, 2]
(functional test) PASSED private_test_8 (test time: 0.00s)
Input: [7, 5]
(functional test) PASSED private_test_9 (test time: 0.00s)
Input: [1, 6]
(functional test) PASSED private_test_10 (test time: 0.00s)
Input: [1267, 4087]
(functional test) PASSED private_test_11 (test time: 0.02s)
Input: [1887, 4857]
(functional test) FAILED private_test_12: Expected 24797, got 45636 (test time: 0.02s)
Input: [8, 4]
(functional test) PASSED private_test_13 (test time: 0.00s)
Input: [4438, 5131]
(functional test) FAILED private_test_14: Expected 39930, got 51112 (test time: 0.02s)
Input: [87, 38]
(functional test) FAILED private_test_15: Expected 454, got 563 (test time: 0.00s)
Input: [47, 96]
(functional test) PASSED private_test_16 (test time: 0.00s)
Input: [4299, 9423]
(functional test) FAILED private_test_17: Expected 88762, got 96654 (test time: 0.05s)
Input: [17, 41]
(functional test) PASSED private_test_18 (test time: 0.00s)
Input: [2, 9]
(functional test) PASSED private_test_19 (test time: 0.00s)
Input: [4874, 9594]
(functional test) FAILED private_test_20: Expected 66044, got 82788 (test time: 0.05s)
Input: [76, 21]
(functional test) FAILED private_test_21: Expected 457, got 517 (test time: 0.00s)
Input: [2399, 1647]
(functional test) PASSED private_test_22 (test time: 0.00s)
Input: [5138, 4120]
(functional test) FAILED private_test_23: Expected 35220, got 40320 (test time: 0.02s)
Input: [5746, 4535]
(functional test) FAILED private_test_24: Expected 28755, got 47503 (test time: 0.02s)
Input: [6670, 1758]
(functional test) FAILED private_test_25: Expected 43500, got 63582 (test time: 0.00s)
Input: [3571, 9070]
(functional test) PASSED private_test_26 (test time: 0.00s)
Input: [57, 78]
(functional test) PASSED private_test_27 (test time: 0.00s)
Input: [7, 7]
(functional test) PASSED private_test_28 (test time: 0.00s)
Input: [1, 5]
(functional test) PASSED private_test_29 (test time: 0.00s)
Input: [8, 5]
(functional test) PASSED private_test_30 (test time: 0.00s)
Input: [1000, 9999]
(functional test) FAILED private_test_31: Expected 94923, got 104976 (test time: 0.05s)
Input: [5, 9]
(functional test) PASSED private_test_32 (test time: 0.00s)
Input: [2, 3]
(functional test) PASSED private_test_33 (test time: 0.00s)
Input: [2, 3]
(functional test) PASSED private_test_34 (test time: 0.00s)
Input: [4978, 1611]
(functional test) FAILED private_test_35: Expected 40492, got 53289 (test time: 0.00s)
Input: [99, 82]
(functional test) FAILED private_test_36: Expected 988, got 1134 (test time: 0.00s)
Input: [6883, 3466]
(functional test) PASSED private_test_37 (test time: 0.00s)
Input: [97, 81]
(functional test) PASSED private_test_38 (test time: 0.00s)
Input: [95, 95]
(functional test) PASSED private_test_39 (test time: 0.00s)
Input: [4, 4]
(functional test) PASSED private_test_40 (test time: 0.00s)
=========================== short test summary info ============================
FAILED private_test_1
FAILED private_test_7
FAILED private_test_12
FAILED private_test_14
FAILED private_test_15
FAILED private_test_17
FAILED private_test_20
FAILED private_test_21
FAILED private_test_23
FAILED private_test_24
FAILED private_test_25
FAILED private_test_31
FAILED private_test_35
FAILED private_test_36
========================= 14 failed, 29 passed in 0.01s =========================

‚ùå TASK FAILED: 14 out of 43 tests failed!
